2025-07-30 11:29:32,895 [INFO] Class weights: [1.0]
2025-07-30 11:30:44,140 [INFO] Class weights: [1.0]
2025-07-30 11:35:15,815 [INFO] Class weights: [1.0]
2025-07-30 11:55:18,776 [INFO] Class weights: [1.0]
2025-07-31 09:00:40,772 [INFO] Class weights: [1.0]
2025-07-31 09:00:42,421 [INFO] Starting training...
2025-07-31 09:22:04,225 [INFO] Class weights: [1.0]
2025-07-31 09:22:05,147 [INFO] Starting training...
2025-07-31 09:27:47,672 [WARNING] Only one class found in training data. Class weights will not be applied (default to [1.0]).
2025-07-31 09:27:47,683 [INFO] Class weights: [1.0, 1.0]
2025-07-31 09:27:48,431 [INFO] Starting training...
2025-07-31 09:36:37,355 [INFO] Class weights: [0.6906077265739441, 1.8115942478179932]
2025-07-31 09:36:38,246 [INFO] Starting training...
2025-07-31 10:08:27,124 [INFO] Unique labels in loaded dataset (before split): [0, 1]
2025-07-31 10:08:27,751 [INFO] Tokenizing training dataset...
2025-07-31 10:08:27,851 [INFO] Tokenizing evaluation dataset...
2025-07-31 10:08:27,911 [INFO] Class weights: [0.6906077265739441, 1.8115942478179932]
2025-07-31 10:08:28,741 [INFO] Starting training...
2025-07-31 11:26:35,937 [INFO] Training complete.
2025-07-31 11:26:36,347 [ERROR] Model not found at securanet_backend\phishing_model. Cannot create inference pipeline.
2025-08-03 18:40:05,641 [INFO] Creating enhanced dataset...
2025-08-03 18:53:00,416 [INFO] Creating enhanced dataset...
2025-08-03 18:53:00,466 [INFO] Created enhanced dataset with 360 samples (180 phishing, 180 legitimate)
2025-08-04 08:57:14,092 [INFO] Loading enhanced dataset from enhanced_phishing_dataset.json
2025-08-04 09:07:58,416 [INFO] Loading enhanced dataset from enhanced_phishing_dataset.json
2025-08-04 09:09:24,705 [INFO] Class weights: [1.105263113975525, 0.9130434989929199]
2025-08-04 09:45:49,146 [INFO] Loading enhanced dataset from enhanced_phishing_dataset.json
2025-08-04 09:45:50,668 [INFO] Class weights: [1.105263113975525, 0.9130434989929199]
2025-08-04 09:47:48,756 [INFO] Loading enhanced dataset from enhanced_phishing_dataset.json
2025-08-04 09:47:50,976 [INFO] Class weights: [1.105263113975525, 0.9130434989929199]
2025-08-04 09:47:51,002 [INFO] Starting training...
2025-08-04 10:04:03,970 [INFO] Training complete.
2025-08-04 10:04:16,932 [INFO] Optimal threshold: 0.300 (F1: 0.9535)
